<?xml version="1.0" encoding="UTF-8"?>
<!-- Generated by org.testng.reporters.JUnitXMLReporter -->
<testsuite ignored="0" hostname="Malik" failures="0" tests="7" name="Test" time="64.947" errors="0" timestamp="2023-12-05T01:13:28 EST">
  <testcase classname="testCases.TC_001_AccountRegistrationTest" name="verify_account_registration" time="2.24"/>
  <testcase classname="testCases.TC_002_LoginTest" name="verify_login" time="1.752"/>
  <testcase classname="testCases.TC_003_LoginDDT" name="verify_loginDDT" time="3.153"/>
  <testcase classname="testCases.TC_003_LoginDDT" name="verify_loginDDT" time="11.232"/>
  <testcase classname="testCases.TC_003_LoginDDT" name="verify_loginDDT" time="11.783"/>
  <testcase classname="testCases.TC_003_LoginDDT" name="verify_loginDDT" time="12.071"/>
  <testcase classname="testCases.TC_003_LoginDDT" name="verify_loginDDT" time="3.839"/>
</testsuite> <!-- Test -->
