<?xml version="1.0" encoding="UTF-8"?>
<!-- Generated by org.testng.reporters.JUnitXMLReporter -->
<testsuite ignored="0" hostname="Malik" failures="0" tests="7" name="Test" time="62.222" errors="0" timestamp="2023-12-05T09:45:45 EST">
  <testcase classname="testCases.TC_001_AccountRegistrationTest" name="verify_account_registration" time="2.229"/>
  <testcase classname="testCases.TC_002_LoginTest" name="verify_login" time="1.792"/>
  <testcase classname="testCases.TC_003_LoginDDT" name="verify_loginDDT" time="2.574"/>
  <testcase classname="testCases.TC_003_LoginDDT" name="verify_loginDDT" time="11.315"/>
  <testcase classname="testCases.TC_003_LoginDDT" name="verify_loginDDT" time="11.409"/>
  <testcase classname="testCases.TC_003_LoginDDT" name="verify_loginDDT" time="11.817"/>
  <testcase classname="testCases.TC_003_LoginDDT" name="verify_loginDDT" time="3.197"/>
</testsuite> <!-- Test -->
